-------------------------------------------------------------------------------
Test set: TestSuite
-------------------------------------------------------------------------------
Tests run: 1, Failures: 1, Errors: 0, Skipped: 0, Time elapsed: 75.133 sec <<< FAILURE! - in TestSuite
a_test(hcm.tests.ManageDepartmentsTest)  Time elapsed: 54.86 sec  <<< FAILURE!
java.lang.IllegalArgumentException: Cannot find elements when the XPath expression is null.
	at org.openqa.selenium.By.xpath(By.java:113)
	at hcm.tests.ManageDepartmentsTest.createDepartment(ManageDepartmentsTest.java:116)
	at hcm.tests.ManageDepartmentsTest.a_test(ManageDepartmentsTest.java:29)

