<?xml version="1.0" encoding="utf-8" ?>
<!DOCTYPE html PUBLIC "-//W3C//DTD XHTML 1.0 Strict//EN"
        "http://www.w3.org/TR/xhtml1/DTD/xhtml1-strict.dtd">
<html xmlns="http://www.w3.org/1999/xhtml" xml:lang="" lang="">
<head>
  <title>Sample Regression Report - Manage Departments 1</title>
  <meta http-equiv="Content-Type" content="text/html;charset=utf-8" />
  <meta name="description" content="TestNG unit test results." />
  <link href="reportng.css" rel="stylesheet" type="text/css" />
    <script type="text/javascript" src="reportng.js"></script>
</head>
<body>
<h1>Manage Departments 1</h1>
<p>
  Test duration: 92.036s
</p>



  <table class="resultsTable">
    <tr><th colspan="3" class="header failed">Failed Tests</th></tr>
          <tr>
        <td colspan="3" class="group">hcm.tests.ManageDepartmentsTest</td>
      </tr>
            
<tr>
  <td class="method">
                  a_test
      </td>
  <td class="duration">
    73.217s
  </td>
  <td class="result">
        
    
            <div class="testOutput">
                        <style>.testRep, .testRep td, .testRep tr{border-style:ridge; border-collapse:collapse;}.testRep th{background-color:#E4BDEE; border-style:ridge;} .testRep td{text-align:left;}.testRep th{color:#005b96; text-align:left}.tabItems th, .tabItems td{color:black;} .resPass{color:#228B22; font-weight:bold; background-color:#B5FCAB;} .resFail{color:#DC143C; font-weight:bold; background-color:#FC9E9E;} .logsize{font-size:11px;}</style><br/>
                                <strong>Checking landed page...  </strong><br/>
                                We landed on the correct page: <em>login-aufsn4x0cba.oracleoutsourcing.com/oam/server/obrareq.cgi</em><br/>
                                Entered User ID...<br/>
                                Entered Password...<br/>
                                Clicked Sign In Button...<br/>
                                <strong>Checking landed page...  </strong><br/>
                                We landed on the correct page: <em>/hcmCore/faces/FuseWelcome</em><br/>
                                Clicked the Navigator...<br/>
                                Workforce Structures link has been clicked...<br/>
                                <strong>Checking landed page...  </strong><br/>
                                We landed on the correct page: <em>/hcmCoreSetup/faces/HcmWSIntWA</em><br/>
                                Clicking Manage Departments...<br/>
                                Clicking Create...<br/>
                                Clicking Next...<br/>
                                Clicking Next...<br/>
                                <mark><strong>FAILURE:</strong> <em>Cannot find elements when the XPath expression is null.</em></mark><br/>
                  </div>
    

        <a href="javascript:toggleElement('exception-0', 'block')" title="Click to expand/collapse"><b>java.lang.IllegalArgumentException: Cannot find elements when the XPath expression is null.</b></a><br />
    <div class="stackTrace" id="exception-0">
              org.openqa.selenium.By.xpath(By.java:113)<br />
              hcm.tests.ManageDepartmentsTest.createDepartment(ManageDepartmentsTest.java:117)<br />
              hcm.tests.ManageDepartmentsTest.a_test(ManageDepartmentsTest.java:29)<br />
              sun.reflect.NativeMethodAccessorImpl.invoke0(Native Method)<br />
              sun.reflect.NativeMethodAccessorImpl.invoke(NativeMethodAccessorImpl.java:57)<br />
              sun.reflect.DelegatingMethodAccessorImpl.invoke(DelegatingMethodAccessorImpl.java:43)<br />
              java.lang.reflect.Method.invoke(Method.java:606)<br />
              org.testng.internal.MethodInvocationHelper.invokeMethod(MethodInvocationHelper.java:85)<br />
              org.testng.internal.Invoker.invokeMethod(Invoker.java:639)<br />
              org.testng.internal.Invoker.invokeTestMethod(Invoker.java:821)<br />
              org.testng.internal.Invoker.invokeTestMethods(Invoker.java:1131)<br />
              org.testng.internal.TestMethodWorker.invokeTestMethods(TestMethodWorker.java:124)<br />
              org.testng.internal.TestMethodWorker.run(TestMethodWorker.java:108)<br />
              org.testng.TestRunner.privateRun(TestRunner.java:773)<br />
              org.testng.TestRunner.run(TestRunner.java:623)<br />
              org.testng.SuiteRunner.runTest(SuiteRunner.java:357)<br />
              org.testng.SuiteRunner.runSequentially(SuiteRunner.java:352)<br />
              org.testng.SuiteRunner.privateRun(SuiteRunner.java:310)<br />
              org.testng.SuiteRunner.run(SuiteRunner.java:259)<br />
              org.testng.SuiteRunnerWorker.runSuite(SuiteRunnerWorker.java:52)<br />
              org.testng.SuiteRunnerWorker.run(SuiteRunnerWorker.java:86)<br />
              org.testng.TestNG.runSuitesSequentially(TestNG.java:1185)<br />
              org.testng.TestNG.runSuitesLocally(TestNG.java:1110)<br />
              org.testng.TestNG.run(TestNG.java:1018)<br />
              org.apache.maven.surefire.testng.TestNGExecutor.run(TestNGExecutor.java:295)<br />
              org.apache.maven.surefire.testng.TestNGXmlTestSuite.execute(TestNGXmlTestSuite.java:84)<br />
              org.apache.maven.surefire.testng.TestNGProvider.invoke(TestNGProvider.java:90)<br />
              org.apache.maven.surefire.booter.ForkedBooter.invokeProviderInSameClassLoader(ForkedBooter.java:203)<br />
              org.apache.maven.surefire.booter.ForkedBooter.runSuitesInProcess(ForkedBooter.java:155)<br />
              org.apache.maven.surefire.booter.ForkedBooter.main(ForkedBooter.java:103)<br />
                </div>
      </td>
</tr>
      </table>


  
</body>
</html>
