<?xml version="1.0" encoding="utf-8" ?>
<!DOCTYPE html PUBLIC "-//W3C//DTD XHTML 1.0 Strict//EN"
        "http://www.w3.org/TR/xhtml1/DTD/xhtml1-strict.dtd">
<html xmlns="http://www.w3.org/1999/xhtml" xml:lang="" lang="">
<head>
  <title>Sample Regression Report - Manage Departments 1</title>
  <meta http-equiv="Content-Type" content="text/html;charset=utf-8" />
  <meta name="description" content="TestNG unit test results." />
  <link href="reportng.css" rel="stylesheet" type="text/css" />
    <script type="text/javascript" src="reportng.js"></script>
</head>
<body>
<h1>Manage Departments 1</h1>
<p>
  Test duration: 236.265s
</p>



  <table class="resultsTable">
    <tr><th colspan="3" class="header failed">Failed Tests</th></tr>
          <tr>
        <td colspan="3" class="group">hcm.tests.ManageDepartmentsTest</td>
      </tr>
            
<tr>
  <td class="method">
                  a_test
      </td>
  <td class="duration">
    202.563s
  </td>
  <td class="result">
        
    
            <div class="testOutput">
                        <style>.testRep, .testRep td, .testRep tr{border-style:ridge; border-collapse:collapse;}.testRep th{background-color:#E4BDEE; border-style:ridge;} .testRep td{text-align:left;}.testRep th{color:#005b96; text-align:left}.tabItems th, .tabItems td{color:black;} .resPass{color:#228B22; font-weight:bold; background-color:#B5FCAB;} .resFail{color:#DC143C; font-weight:bold; background-color:#FC9E9E;} .logsize{font-size:11px;}</style><br/>
                                <strong>Checking landed page...  </strong><br/>
                                We landed on the correct page: <em>login-aufsn4x0cba.oracleoutsourcing.com/oam/server/obrareq.cgi</em><br/>
                                Entered User ID...<br/>
                                Entered Password...<br/>
                                Clicked Sign In Button...<br/>
                                <strong>Checking landed page...  </strong><br/>
                                We landed on the correct page: <em>/hcmCore/faces/FuseWelcome</em><br/>
                                Clicked the Navigator...<br/>
                                Workforce Structures link has been clicked...<br/>
                                <strong>Checking landed page...  </strong><br/>
                                We landed on the correct page: <em>/hcmCoreSetup/faces/HcmWSIntWA</em><br/>
                                Clicking Manage Departments...<br/>
                                Clicking Create...<br/>
                                Entered Effective Start Date..<br/>
                                Entered Department Set..<br/>
                                Entered Name..<br/>
                                Entered Internal Address Line..<br/>
                                Selected Status..<br/>
                                Entered Action Reason..<br/>
                                Entered Location..<br/>
                                Clicking Next...<br/>
                                Clicking Next...<br/>
                                <mark><strong>FAILURE:</strong> <em>Timed out after 15 seconds waiting for visibility of element located by By.xpath: //td/label[text()='Reporting Name']/../../td/input
Build info: version: '2.52.0', revision: '4c2593cfc3689a7fcd7be52549167e5ccc93ad28', time: '2016-02-11 11:22:43'
System info: host: 'ETDB-510P680-D', ip: '169.254.231.255', os.name: 'Windows 7', os.arch: 'amd64', os.version: '6.1', java.version: '1.7.0_79'
Session ID: dc0ad580-064a-4a5f-9327-a3e2ae514b3b
Driver info: common.ExtendedFirefoxDriver
Capabilities [{platform=WINDOWS, acceptSslCerts=true, javascriptEnabled=true, cssSelectorsEnabled=true, databaseEnabled=true, browserName=firefox, handlesAlerts=true, nativeEvents=false, webStorageEnabled=true, rotatable=false, locationContextEnabled=true, applicationCacheEnabled=true, takesScreenshot=true, version=44.0.2}]</em></mark><br/>
                  </div>
    

        <a href="javascript:toggleElement('exception-0', 'block')" title="Click to expand/collapse"><b>org.openqa.selenium.TimeoutException: Timed out after 15 seconds waiting for visibility of element located by By.xpath: //td/label[text()=&apos;Reporting Name&apos;]/../../td/input<br/>
Build info: version: &apos;2.52.0&apos;, revision: &apos;4c2593cfc3689a7fcd7be52549167e5ccc93ad28&apos;, time: &apos;2016-02-11 11:22:43&apos;<br/>
System info: host: &apos;ETDB-510P680-D&apos;, ip: &apos;169.254.231.255&apos;, os.name: &apos;Windows 7&apos;, os.arch: &apos;amd64&apos;, os.version: &apos;6.1&apos;, java.version: &apos;1.7.0_79&apos;<br/>
Session ID: dc0ad580-064a-4a5f-9327-a3e2ae514b3b<br/>
Driver info: common.ExtendedFirefoxDriver<br/>
Capabilities [{platform=WINDOWS, acceptSslCerts=true, javascriptEnabled=true, cssSelectorsEnabled=true, databaseEnabled=true, browserName=firefox, handlesAlerts=true, nativeEvents=false, webStorageEnabled=true, rotatable=false, locationContextEnabled=true, applicationCacheEnabled=true, takesScreenshot=true, version=44.0.2}]</b></a><br />
    <div class="stackTrace" id="exception-0">
              org.openqa.selenium.support.ui.WebDriverWait.timeoutException(WebDriverWait.java:80)<br />
              org.openqa.selenium.support.ui.FluentWait.until(FluentWait.java:261)<br />
              common.BasePage.findByXpath(BasePage.java:197)<br />
              common.BasePage.clickByXpath(BasePage.java:374)<br />
              hcm.pageobjects.WorkforceStructureTasksPage.enterData(WorkforceStructureTasksPage.java:101)<br />
              hcm.tests.ManageDepartmentsTest.createDepartment(ManageDepartmentsTest.java:123)<br />
              hcm.tests.ManageDepartmentsTest.a_test(ManageDepartmentsTest.java:28)<br />
              sun.reflect.NativeMethodAccessorImpl.invoke0(Native Method)<br />
              sun.reflect.NativeMethodAccessorImpl.invoke(NativeMethodAccessorImpl.java:57)<br />
              sun.reflect.DelegatingMethodAccessorImpl.invoke(DelegatingMethodAccessorImpl.java:43)<br />
              java.lang.reflect.Method.invoke(Method.java:606)<br />
              org.testng.internal.MethodInvocationHelper.invokeMethod(MethodInvocationHelper.java:85)<br />
              org.testng.internal.Invoker.invokeMethod(Invoker.java:639)<br />
              org.testng.internal.Invoker.invokeTestMethod(Invoker.java:821)<br />
              org.testng.internal.Invoker.invokeTestMethods(Invoker.java:1131)<br />
              org.testng.internal.TestMethodWorker.invokeTestMethods(TestMethodWorker.java:124)<br />
              org.testng.internal.TestMethodWorker.run(TestMethodWorker.java:108)<br />
              org.testng.TestRunner.privateRun(TestRunner.java:773)<br />
              org.testng.TestRunner.run(TestRunner.java:623)<br />
              org.testng.SuiteRunner.runTest(SuiteRunner.java:357)<br />
              org.testng.SuiteRunner.runSequentially(SuiteRunner.java:352)<br />
              org.testng.SuiteRunner.privateRun(SuiteRunner.java:310)<br />
              org.testng.SuiteRunner.run(SuiteRunner.java:259)<br />
              org.testng.SuiteRunnerWorker.runSuite(SuiteRunnerWorker.java:52)<br />
              org.testng.SuiteRunnerWorker.run(SuiteRunnerWorker.java:86)<br />
              org.testng.TestNG.runSuitesSequentially(TestNG.java:1185)<br />
              org.testng.TestNG.runSuitesLocally(TestNG.java:1110)<br />
              org.testng.TestNG.run(TestNG.java:1018)<br />
              org.apache.maven.surefire.testng.TestNGExecutor.run(TestNGExecutor.java:295)<br />
              org.apache.maven.surefire.testng.TestNGXmlTestSuite.execute(TestNGXmlTestSuite.java:84)<br />
              org.apache.maven.surefire.testng.TestNGProvider.invoke(TestNGProvider.java:90)<br />
              org.apache.maven.surefire.booter.ForkedBooter.invokeProviderInSameClassLoader(ForkedBooter.java:203)<br />
              org.apache.maven.surefire.booter.ForkedBooter.runSuitesInProcess(ForkedBooter.java:155)<br />
              org.apache.maven.surefire.booter.ForkedBooter.main(ForkedBooter.java:103)<br />
                    <b>Caused by: </b> <a href="javascript:toggleElement('exception-1', 'block')" title="Click to expand/collapse">org.openqa.selenium.NoSuchElementException: Unable to locate element: {&quot;method&quot;:&quot;xpath&quot;,&quot;selector&quot;:&quot;//td/label[text()=&apos;Reporting Name&apos;]/../../td/input&quot;}<br/>
Command duration or timeout: 60 milliseconds<br/>
For documentation on this error, please visit: http://seleniumhq.org/exceptions/no_such_element.html<br/>
Build info: version: &apos;2.52.0&apos;, revision: &apos;4c2593cfc3689a7fcd7be52549167e5ccc93ad28&apos;, time: &apos;2016-02-11 11:22:43&apos;<br/>
System info: host: &apos;ETDB-510P680-D&apos;, ip: &apos;169.254.231.255&apos;, os.name: &apos;Windows 7&apos;, os.arch: &apos;amd64&apos;, os.version: &apos;6.1&apos;, java.version: &apos;1.7.0_79&apos;<br/>
*** Element info: {Using=xpath, value=//td/label[text()=&apos;Reporting Name&apos;]/../../td/input}<br/>
Session ID: dc0ad580-064a-4a5f-9327-a3e2ae514b3b<br/>
Driver info: common.ExtendedFirefoxDriver<br/>
Capabilities [{platform=WINDOWS, acceptSslCerts=true, javascriptEnabled=true, cssSelectorsEnabled=true, databaseEnabled=true, browserName=firefox, handlesAlerts=true, nativeEvents=false, webStorageEnabled=true, rotatable=false, locationContextEnabled=true, applicationCacheEnabled=true, takesScreenshot=true, version=44.0.2}]</a><br />
        <div class="stackTrace" id="exception-1">
                      sun.reflect.GeneratedConstructorAccessor23.newInstance(Unknown Source)<br />
                      sun.reflect.DelegatingConstructorAccessorImpl.newInstance(DelegatingConstructorAccessorImpl.java:45)<br />
                      java.lang.reflect.Constructor.newInstance(Constructor.java:526)<br />
                      org.openqa.selenium.remote.ErrorHandler.createThrowable(ErrorHandler.java:206)<br />
                      org.openqa.selenium.remote.ErrorHandler.throwIfResponseFailed(ErrorHandler.java:158)<br />
                      org.openqa.selenium.remote.RemoteWebDriver.execute(RemoteWebDriver.java:678)<br />
                      org.openqa.selenium.remote.RemoteWebDriver.findElement(RemoteWebDriver.java:363)<br />
                      org.openqa.selenium.remote.RemoteWebDriver.findElementByXPath(RemoteWebDriver.java:500)<br />
                      org.openqa.selenium.By$ByXPath.findElement(By.java:361)<br />
                      org.openqa.selenium.remote.RemoteWebDriver.findElement(RemoteWebDriver.java:355)<br />
                      org.openqa.selenium.support.ui.ExpectedConditions.findElement(ExpectedConditions.java:911)<br />
                      org.openqa.selenium.support.ui.ExpectedConditions.access$000(ExpectedConditions.java:41)<br />
                      org.openqa.selenium.support.ui.ExpectedConditions$7.apply(ExpectedConditions.java:205)<br />
                      org.openqa.selenium.support.ui.ExpectedConditions$7.apply(ExpectedConditions.java:201)<br />
                      org.openqa.selenium.support.ui.FluentWait.until(FluentWait.java:238)<br />
                      common.BasePage.findByXpath(BasePage.java:197)<br />
                      common.BasePage.clickByXpath(BasePage.java:374)<br />
                      hcm.pageobjects.WorkforceStructureTasksPage.enterData(WorkforceStructureTasksPage.java:101)<br />
                      hcm.tests.ManageDepartmentsTest.createDepartment(ManageDepartmentsTest.java:123)<br />
                      hcm.tests.ManageDepartmentsTest.a_test(ManageDepartmentsTest.java:28)<br />
                      sun.reflect.NativeMethodAccessorImpl.invoke0(Native Method)<br />
                      sun.reflect.NativeMethodAccessorImpl.invoke(NativeMethodAccessorImpl.java:57)<br />
                      sun.reflect.DelegatingMethodAccessorImpl.invoke(DelegatingMethodAccessorImpl.java:43)<br />
                      java.lang.reflect.Method.invoke(Method.java:606)<br />
                      org.testng.internal.MethodInvocationHelper.invokeMethod(MethodInvocationHelper.java:85)<br />
                      org.testng.internal.Invoker.invokeMethod(Invoker.java:639)<br />
                      org.testng.internal.Invoker.invokeTestMethod(Invoker.java:821)<br />
                      org.testng.internal.Invoker.invokeTestMethods(Invoker.java:1131)<br />
                      org.testng.internal.TestMethodWorker.invokeTestMethods(TestMethodWorker.java:124)<br />
                      org.testng.internal.TestMethodWorker.run(TestMethodWorker.java:108)<br />
                      org.testng.TestRunner.privateRun(TestRunner.java:773)<br />
                      org.testng.TestRunner.run(TestRunner.java:623)<br />
                      org.testng.SuiteRunner.runTest(SuiteRunner.java:357)<br />
                      org.testng.SuiteRunner.runSequentially(SuiteRunner.java:352)<br />
                      org.testng.SuiteRunner.privateRun(SuiteRunner.java:310)<br />
                      org.testng.SuiteRunner.run(SuiteRunner.java:259)<br />
                      org.testng.SuiteRunnerWorker.runSuite(SuiteRunnerWorker.java:52)<br />
                      org.testng.SuiteRunnerWorker.run(SuiteRunnerWorker.java:86)<br />
                      org.testng.TestNG.runSuitesSequentially(TestNG.java:1185)<br />
                      org.testng.TestNG.runSuitesLocally(TestNG.java:1110)<br />
                      org.testng.TestNG.run(TestNG.java:1018)<br />
                      org.apache.maven.surefire.testng.TestNGExecutor.run(TestNGExecutor.java:295)<br />
                      org.apache.maven.surefire.testng.TestNGXmlTestSuite.execute(TestNGXmlTestSuite.java:84)<br />
                      org.apache.maven.surefire.testng.TestNGProvider.invoke(TestNGProvider.java:90)<br />
                      org.apache.maven.surefire.booter.ForkedBooter.invokeProviderInSameClassLoader(ForkedBooter.java:203)<br />
                      org.apache.maven.surefire.booter.ForkedBooter.runSuitesInProcess(ForkedBooter.java:155)<br />
                      org.apache.maven.surefire.booter.ForkedBooter.main(ForkedBooter.java:103)<br />
                  </div>
              <b>Caused by: </b> <a href="javascript:toggleElement('exception-2', 'block')" title="Click to expand/collapse">org.openqa.selenium.NoSuchElementException: Unable to locate element: {&quot;method&quot;:&quot;xpath&quot;,&quot;selector&quot;:&quot;//td/label[text()=&apos;Reporting Name&apos;]/../../td/input&quot;}<br/>
For documentation on this error, please visit: http://seleniumhq.org/exceptions/no_such_element.html<br/>
Build info: version: &apos;2.52.0&apos;, revision: &apos;4c2593cfc3689a7fcd7be52549167e5ccc93ad28&apos;, time: &apos;2016-02-11 11:22:43&apos;<br/>
System info: host: &apos;ETDB-510P680-D&apos;, ip: &apos;169.254.231.255&apos;, os.name: &apos;Windows 7&apos;, os.arch: &apos;amd64&apos;, os.version: &apos;6.1&apos;, java.version: &apos;1.7.0_79&apos;<br/>
Driver info: driver.version: unknown</a><br />
        <div class="stackTrace" id="exception-2">
                      &lt;anonymous class&gt;.FirefoxDriver.prototype.findElementInternal_(file:///C:/Users/JERRIC~1.FAL/AppData/Local/Temp/anonymous2860692222048397230webdriver-profile/extensions/fxdriver@googlecode.com/components/driver-component.js:10723)<br />
                      &lt;anonymous class&gt;.FirefoxDriver.prototype.findElement(file:///C:/Users/JERRIC~1.FAL/AppData/Local/Temp/anonymous2860692222048397230webdriver-profile/extensions/fxdriver@googlecode.com/components/driver-component.js:10732)<br />
                      &lt;anonymous class&gt;.DelayedCommand.prototype.executeInternal_/h(file:///C:/Users/JERRIC~1.FAL/AppData/Local/Temp/anonymous2860692222048397230webdriver-profile/extensions/fxdriver@googlecode.com/components/command-processor.js:12614)<br />
                      &lt;anonymous class&gt;.DelayedCommand.prototype.executeInternal_(file:///C:/Users/JERRIC~1.FAL/AppData/Local/Temp/anonymous2860692222048397230webdriver-profile/extensions/fxdriver@googlecode.com/components/command-processor.js:12619)<br />
                      &lt;anonymous class&gt;.DelayedCommand.prototype.execute/&lt;(file:///C:/Users/JERRIC~1.FAL/AppData/Local/Temp/anonymous2860692222048397230webdriver-profile/extensions/fxdriver@googlecode.com/components/command-processor.js:12561)<br />
                  </div>
          </div>
      </td>
</tr>
      </table>


  
</body>
</html>
